-------------------------------------------------------------------------------
Test set: com.boning.RuijiwaimaiApplicationTests
-------------------------------------------------------------------------------
Tests run: 1, Failures: 0, Errors: 1, Skipped: 0, Time elapsed: 0.248 s <<< FAILURE! - in com.boning.RuijiwaimaiApplicationTests
com.boning.RuijiwaimaiApplicationTests  Time elapsed: 0.247 s  <<< ERROR!
java.lang.IllegalStateException: Unable to find a @SpringBootConfiguration, you need to use @ContextConfiguration or @SpringBootTest(classes=...) with your test

