<?xml version="1.0" encoding="UTF-8"?>
<testsuite xmlns:xsi="http://www.w3.org/2001/XMLSchema-instance" xsi:noNamespaceSchemaLocation="https://maven.apache.org/surefire/maven-surefire-plugin/xsd/surefire-test-report.xsd" name="com.boning.RuijiwaimaiApplicationTests" time="0.248" tests="1" errors="1" skipped="0" failures="0">
  <properties>
[...]
</properties>
  <testcase name="com.boning.RuijiwaimaiApplicationTests" classname="com.boning.RuijiwaimaiApplicationTests" time="0.247">
    <error message="Unable to find a @SpringBootConfiguration, you need to use @ContextConfiguration or @SpringBootTest(classes=...) with your test" type="java.lang.IllegalStateException">java.lang.IllegalStateException: Unable to find a @SpringBootConfiguration, you need to use @ContextConfiguration or @SpringBootTest(classes=...) with your test
</error>
    <system-out><![CDATA[22:04:55.557 [main] DEBUG org.springframework.test.context.BootstrapUtils - Instantiating CacheAwareContextLoaderDelegate from class [org.springframework.test.context.cache.DefaultCacheAwareContextLoaderDelegate]
22:04:55.570 [main] DEBUG org.springframework.test.context.BootstrapUtils - Instantiating BootstrapContext using constructor [public org.springframework.test.context.support.DefaultBootstrapContext(java.lang.Class,org.springframework.test.context.CacheAwareContextLoaderDelegate)]
22:04:55.603 [main] DEBUG org.springframework.test.context.BootstrapUtils - Instantiating TestContextBootstrapper for test class [com.boning.RuijiwaimaiApplicationTests] from class [org.springframework.boot.test.context.SpringBootTestContextBootstrapper]
22:04:55.614 [main] INFO org.springframework.boot.test.context.SpringBootTestContextBootstrapper - Neither @ContextConfiguration nor @ContextHierarchy found for test class [com.boning.RuijiwaimaiApplicationTests], using SpringBootContextLoader
22:04:55.618 [main] DEBUG org.springframework.test.context.support.AbstractContextLoader - Did not detect default resource location for test class [com.boning.RuijiwaimaiApplicationTests]: class path resource [com/boning/RuijiwaimaiApplicationTests-context.xml] does not exist
22:04:55.619 [main] DEBUG org.springframework.test.context.support.AbstractContextLoader - Did not detect default resource location for test class [com.boning.RuijiwaimaiApplicationTests]: class path resource [com/boning/RuijiwaimaiApplicationTestsContext.groovy] does not exist
22:04:55.620 [main] INFO org.springframework.test.context.support.AbstractContextLoader - Could not detect default resource locations for test class [com.boning.RuijiwaimaiApplicationTests]: no resource found for suffixes {-context.xml, Context.groovy}.
22:04:55.620 [main] INFO org.springframework.test.context.support.AnnotationConfigContextLoaderUtils - Could not detect default configuration classes for test class [com.boning.RuijiwaimaiApplicationTests]: RuijiwaimaiApplicationTests does not declare any static, non-private, non-final, nested classes annotated with @Configuration.
22:04:55.663 [main] DEBUG org.springframework.test.context.support.ActiveProfilesUtils - Could not find an 'annotation declaring class' for annotation type [org.springframework.test.context.ActiveProfiles] and class [com.boning.RuijiwaimaiApplicationTests]
]]></system-out>
  </testcase>
</testsuite>